  [1m[36m (0.9ms)[0m  [1mCREATE TABLE "schema_migrations" ("version" varchar NOT NULL) [0m
  [1m[35m (0.0ms)[0m  select sqlite_version(*)
  [1m[36m (0.7ms)[0m  [1mCREATE UNIQUE INDEX "unique_schema_migrations" ON "schema_migrations" ("version")[0m
  [1m[35mActiveRecord::SchemaMigration Load (0.1ms)[0m  SELECT "schema_migrations".* FROM "schema_migrations"
Migrating to CreateUsers (20150513121731)
  [1m[36m (0.1ms)[0m  [1mbegin transaction[0m
  [1m[35m (0.3ms)[0m  CREATE TABLE "users" ("id" INTEGER PRIMARY KEY AUTOINCREMENT NOT NULL, "name" varchar, "location" varchar, "age" integer, "created_at" datetime NOT NULL, "updated_at" datetime NOT NULL) 
  [1m[36mSQL (0.2ms)[0m  [1mINSERT INTO "schema_migrations" ("version") VALUES (?)[0m  [["version", "20150513121731"]]
  [1m[35m (0.8ms)[0m  commit transaction
  [1m[36mActiveRecord::SchemaMigration Load (0.1ms)[0m  [1mSELECT "schema_migrations".* FROM "schema_migrations"[0m


Started GET "/" for ::1 at 2015-05-13 08:18:32 -0400
  [1m[36mActiveRecord::SchemaMigration Load (0.1ms)[0m  [1mSELECT "schema_migrations".* FROM "schema_migrations"[0m
Processing by Rails::WelcomeController#index as HTML
  Rendered /Users/Kelly/.rvm/gems/ruby-2.2.1/gems/railties-4.2.1/lib/rails/templates/rails/welcome/index.html.erb (1.8ms)
Completed 200 OK in 19ms (Views: 10.6ms | ActiveRecord: 0.0ms)


Started GET "/" for ::1 at 2015-05-13 08:18:33 -0400
Processing by Rails::WelcomeController#index as HTML
  Rendered /Users/Kelly/.rvm/gems/ruby-2.2.1/gems/railties-4.2.1/lib/rails/templates/rails/welcome/index.html.erb (0.0ms)
Completed 200 OK in 2ms (Views: 1.4ms | ActiveRecord: 0.0ms)


Started GET "/" for ::1 at 2015-05-13 08:21:27 -0400
Processing by Rails::WelcomeController#index as HTML
  Rendered /Users/Kelly/.rvm/gems/ruby-2.2.1/gems/railties-4.2.1/lib/rails/templates/rails/welcome/index.html.erb (0.0ms)
Completed 200 OK in 2ms (Views: 1.5ms | ActiveRecord: 0.0ms)


Started GET "/" for ::1 at 2015-05-13 08:21:32 -0400
Processing by Rails::WelcomeController#index as HTML
  Rendered /Users/Kelly/.rvm/gems/ruby-2.2.1/gems/railties-4.2.1/lib/rails/templates/rails/welcome/index.html.erb (0.0ms)
Completed 200 OK in 1ms (Views: 1.3ms | ActiveRecord: 0.0ms)


Started GET "/users" for ::1 at 2015-05-13 08:21:33 -0400
Processing by UsersController#index as HTML
  [1m[35mUser Load (0.1ms)[0m  SELECT "users".* FROM "users"
  Rendered users/index.html.erb within layouts/application (1.3ms)
Completed 200 OK in 1179ms (Views: 1178.1ms | ActiveRecord: 0.2ms)


Started GET "/assets/scaffolds.self-2e6b1197a0080cf4da5608a19f0c874a715979fc54176cb34afcae9dceb080dd.css?body=1" for ::1 at 2015-05-13 08:21:34 -0400


Started GET "/assets/users.self-e3b0c44298fc1c149afbf4c8996fb92427ae41e4649b934ca495991b7852b855.css?body=1" for ::1 at 2015-05-13 08:21:34 -0400


Started GET "/assets/jquery.self-d03a5518f45df77341bdbe6201ba3bfa547ebba8ed64f0ea56bfa5f96ea7c074.js?body=1" for ::1 at 2015-05-13 08:21:34 -0400


Started GET "/assets/application.self-e80e8f2318043e8af94dddc2adad5a4f09739a8ebb323b3ab31cd71d45fd9113.css?body=1" for ::1 at 2015-05-13 08:21:34 -0400


Started GET "/assets/jquery_ujs.self-8e98a7a072a6cee1372d19fff9ff3e6aa1e39a37d89d6f06861637d061113ee7.js?body=1" for ::1 at 2015-05-13 08:21:35 -0400


Started GET "/assets/turbolinks.self-c37727e9bd6b2735da5c311aa83fead54ed0be6cc8bd9a65309e9c5abe2cbfff.js?body=1" for ::1 at 2015-05-13 08:21:35 -0400


Started GET "/assets/users.self-877aef30ae1b040ab8a3aba4e3e309a11d7f2612f44dde450b5c157aa5f95c05.js?body=1" for ::1 at 2015-05-13 08:21:35 -0400


Started GET "/assets/application.self-3b8dabdc891efe46b9a144b400ad69e37d7e5876bdc39dee783419a69d7ca819.js?body=1" for ::1 at 2015-05-13 08:21:35 -0400


Started GET "/users/new" for ::1 at 2015-05-13 08:21:38 -0400
Processing by UsersController#new as HTML
  Rendered users/_form.html.erb (28.2ms)
  Rendered users/new.html.erb within layouts/application (34.1ms)
Completed 200 OK in 68ms (Views: 62.6ms | ActiveRecord: 0.2ms)


Started POST "/users" for ::1 at 2015-05-13 08:21:54 -0400
Processing by UsersController#create as HTML
  Parameters: {"utf8"=>"✓", "authenticity_token"=>"cA41qx7Fw+YNIZlBapUO6kxS+jyIFnaP7wNqEmC+Xf++r1O/4URUbgNxHqdW/SgqxgCmuIQmlxjqpxY22ct5Hw==", "user"=>{"name"=>"Kelly M curtis", "location"=>"Cary, NC", "age"=>"43"}, "commit"=>"Create User"}
  [1m[36m (0.1ms)[0m  [1mbegin transaction[0m
  [1m[35mSQL (0.3ms)[0m  INSERT INTO "users" ("name", "location", "age", "created_at", "updated_at") VALUES (?, ?, ?, ?, ?)  [["name", "Kelly M curtis"], ["location", "Cary, NC"], ["age", 43], ["created_at", "2015-05-13 12:21:54.415317"], ["updated_at", "2015-05-13 12:21:54.415317"]]
  [1m[36m (0.6ms)[0m  [1mcommit transaction[0m
Redirected to http://localhost:3000/users/1
Completed 302 Found in 6ms (ActiveRecord: 1.0ms)


Started GET "/users/1" for ::1 at 2015-05-13 08:21:54 -0400
Processing by UsersController#show as HTML
  Parameters: {"id"=>"1"}
  [1m[35mUser Load (0.1ms)[0m  SELECT  "users".* FROM "users" WHERE "users"."id" = ? LIMIT 1  [["id", 1]]
  Rendered users/show.html.erb within layouts/application (0.6ms)
Completed 200 OK in 38ms (Views: 30.5ms | ActiveRecord: 0.1ms)


Started GET "/users" for ::1 at 2015-05-13 08:21:57 -0400
Processing by UsersController#index as HTML
  [1m[36mUser Load (0.1ms)[0m  [1mSELECT "users".* FROM "users"[0m
  Rendered users/index.html.erb within layouts/application (1.6ms)
Completed 200 OK in 28ms (Views: 27.5ms | ActiveRecord: 0.1ms)


Started GET "/users/new" for ::1 at 2015-05-13 08:21:58 -0400
Processing by UsersController#new as HTML
  Rendered users/_form.html.erb (2.7ms)
  Rendered users/new.html.erb within layouts/application (4.4ms)
Completed 200 OK in 39ms (Views: 38.7ms | ActiveRecord: 0.0ms)


Started POST "/users" for ::1 at 2015-05-13 08:22:09 -0400
Processing by UsersController#create as HTML
  Parameters: {"utf8"=>"✓", "authenticity_token"=>"7NG7yYb7ERzD9N8t6Tjl2B48jTBAYc3Xm1tfYSlPMzQicN3deXqGlM2kWMvVUMMYlG7RtExRLECe/yNFkDoX1A==", "user"=>{"name"=>"Kaela", "location"=>"Jaime", "age"=>"11"}, "commit"=>"Create User"}
  [1m[35m (0.1ms)[0m  begin transaction
  [1m[36mSQL (0.2ms)[0m  [1mINSERT INTO "users" ("name", "location", "age", "created_at", "updated_at") VALUES (?, ?, ?, ?, ?)[0m  [["name", "Kaela"], ["location", "Jaime"], ["age", 11], ["created_at", "2015-05-13 12:22:09.495738"], ["updated_at", "2015-05-13 12:22:09.495738"]]
  [1m[35m (1.1ms)[0m  commit transaction
Redirected to http://localhost:3000/users/2
Completed 302 Found in 6ms (ActiveRecord: 1.3ms)


Started GET "/users/2" for ::1 at 2015-05-13 08:22:09 -0400
Processing by UsersController#show as HTML
  Parameters: {"id"=>"2"}
  [1m[36mUser Load (0.1ms)[0m  [1mSELECT  "users".* FROM "users" WHERE "users"."id" = ? LIMIT 1[0m  [["id", 2]]
  Rendered users/show.html.erb within layouts/application (0.9ms)
Completed 200 OK in 31ms (Views: 29.6ms | ActiveRecord: 0.1ms)


Started GET "/users" for ::1 at 2015-05-13 08:22:12 -0400
Processing by UsersController#index as HTML
  [1m[35mUser Load (0.1ms)[0m  SELECT "users".* FROM "users"
  Rendered users/index.html.erb within layouts/application (1.0ms)
Completed 200 OK in 21ms (Views: 20.0ms | ActiveRecord: 0.1ms)


Started GET "/users/new" for ::1 at 2015-05-13 08:22:14 -0400
Processing by UsersController#new as HTML
  Rendered users/_form.html.erb (1.3ms)
  Rendered users/new.html.erb within layouts/application (2.5ms)
Completed 200 OK in 26ms (Views: 25.6ms | ActiveRecord: 0.0ms)


Started POST "/users" for ::1 at 2015-05-13 08:22:40 -0400
Processing by UsersController#create as HTML
  Parameters: {"utf8"=>"✓", "authenticity_token"=>"2FcJIZgFkRlh1ySLUbzg28iH86sGDDzHN3PoYs4c1xgW9m81Z4QGkW+Ho21t1MYbQtWvLwo83VAy15RGd2nz+A==", "user"=>{"name"=>"Chris M Curtis", "location"=>"Cary, NC", "age"=>"40"}, "commit"=>"Create User"}
  [1m[36m (0.0ms)[0m  [1mbegin transaction[0m
  [1m[35mSQL (0.2ms)[0m  INSERT INTO "users" ("name", "location", "age", "created_at", "updated_at") VALUES (?, ?, ?, ?, ?)  [["name", "Chris M Curtis"], ["location", "Cary, NC"], ["age", 40], ["created_at", "2015-05-13 12:22:40.286381"], ["updated_at", "2015-05-13 12:22:40.286381"]]
  [1m[36m (1.2ms)[0m  [1mcommit transaction[0m
Redirected to http://localhost:3000/users/3
Completed 302 Found in 3ms (ActiveRecord: 1.4ms)


Started GET "/users/3" for ::1 at 2015-05-13 08:22:40 -0400
Processing by UsersController#show as HTML
  Parameters: {"id"=>"3"}
  [1m[35mUser Load (0.1ms)[0m  SELECT  "users".* FROM "users" WHERE "users"."id" = ? LIMIT 1  [["id", 3]]
  Rendered users/show.html.erb within layouts/application (0.2ms)
Completed 200 OK in 19ms (Views: 18.2ms | ActiveRecord: 0.1ms)


Started GET "/users" for ::1 at 2015-05-13 08:22:42 -0400
Processing by UsersController#index as HTML
  [1m[36mUser Load (0.1ms)[0m  [1mSELECT "users".* FROM "users"[0m
  Rendered users/index.html.erb within layouts/application (1.1ms)
Completed 200 OK in 22ms (Views: 21.0ms | ActiveRecord: 0.1ms)


Started GET "/users/new" for ::1 at 2015-05-13 08:22:44 -0400
Processing by UsersController#new as HTML
  Rendered users/_form.html.erb (1.3ms)
  Rendered users/new.html.erb within layouts/application (2.5ms)
Completed 200 OK in 21ms (Views: 20.7ms | ActiveRecord: 0.0ms)


Started POST "/users" for ::1 at 2015-05-13 08:23:01 -0400
Processing by UsersController#create as HTML
  Parameters: {"utf8"=>"✓", "authenticity_token"=>"4jtIxnL2yb7xd8gsgAxYAnKEVrLIqcn8zIFrRVLzHfcsmi7SjXdeNv8nT8q8ZH7C+NYKNsSZKGvJJRdh64Y5Fw==", "user"=>{"name"=>"Diana Teal", "location"=>"Raleigh, NC", "age"=>"39"}, "commit"=>"Create User"}
  [1m[35m (0.1ms)[0m  begin transaction
  [1m[36mSQL (0.2ms)[0m  [1mINSERT INTO "users" ("name", "location", "age", "created_at", "updated_at") VALUES (?, ?, ?, ?, ?)[0m  [["name", "Diana Teal"], ["location", "Raleigh, NC"], ["age", 39], ["created_at", "2015-05-13 12:23:01.626290"], ["updated_at", "2015-05-13 12:23:01.626290"]]
  [1m[35m (1.2ms)[0m  commit transaction
Redirected to http://localhost:3000/users/4
Completed 302 Found in 3ms (ActiveRecord: 1.5ms)


Started GET "/users/4" for ::1 at 2015-05-13 08:23:01 -0400
Processing by UsersController#show as HTML
  Parameters: {"id"=>"4"}
  [1m[36mUser Load (0.1ms)[0m  [1mSELECT  "users".* FROM "users" WHERE "users"."id" = ? LIMIT 1[0m  [["id", 4]]
  Rendered users/show.html.erb within layouts/application (0.2ms)
Completed 200 OK in 22ms (Views: 21.1ms | ActiveRecord: 0.1ms)


Started GET "/users" for ::1 at 2015-05-13 08:34:48 -0400
  [1m[36mActiveRecord::SchemaMigration Load (0.1ms)[0m  [1mSELECT "schema_migrations".* FROM "schema_migrations"[0m
Processing by UsersController#index as HTML
  [1m[35mUser Load (0.2ms)[0m  SELECT "users".* FROM "users"
  Rendered users/index.html.erb within layouts/application (6.1ms)
Completed 200 OK in 131ms (Views: 122.7ms | ActiveRecord: 0.4ms)


Started GET "/assets/users.self-e3b0c44298fc1c149afbf4c8996fb92427ae41e4649b934ca495991b7852b855.css?body=1" for ::1 at 2015-05-13 08:34:48 -0400


Started GET "/users/1/edit" for ::1 at 2015-05-13 08:34:54 -0400
Processing by UsersController#edit as HTML
  Parameters: {"id"=>"1"}
  [1m[36mUser Load (0.1ms)[0m  [1mSELECT  "users".* FROM "users" WHERE "users"."id" = ? LIMIT 1[0m  [["id", 1]]
  Rendered users/_form.html.erb (9.1ms)
  Rendered users/edit.html.erb within layouts/application (11.8ms)
Completed 200 OK in 34ms (Views: 29.2ms | ActiveRecord: 0.1ms)


Started PATCH "/users/1" for ::1 at 2015-05-13 08:35:02 -0400
Processing by UsersController#update as HTML
  Parameters: {"utf8"=>"✓", "authenticity_token"=>"yHFgdVlZD5al8elTiYlrkVXvaxa3DVBGvmUbO8TLa0kG0AZhptiYHquhbrW14U1R3703krs9sdG7wWcffb5PqQ==", "user"=>{"name"=>"Kelly", "location"=>"Cary, NC", "age"=>"43"}, "commit"=>"Update User", "id"=>"1"}
  [1m[35mUser Load (0.1ms)[0m  SELECT  "users".* FROM "users" WHERE "users"."id" = ? LIMIT 1  [["id", 1]]
  [1m[36m (0.1ms)[0m  [1mbegin transaction[0m
  [1m[35mSQL (0.3ms)[0m  UPDATE "users" SET "name" = ?, "updated_at" = ? WHERE "users"."id" = ?  [["name", "Kelly"], ["updated_at", "2015-05-13 12:35:02.096858"], ["id", 1]]
  [1m[36m (1.0ms)[0m  [1mcommit transaction[0m
Redirected to http://localhost:3000/users/1
Completed 302 Found in 5ms (ActiveRecord: 1.4ms)


Started GET "/users/1" for ::1 at 2015-05-13 08:35:02 -0400
Processing by UsersController#show as HTML
  Parameters: {"id"=>"1"}
  [1m[35mUser Load (0.1ms)[0m  SELECT  "users".* FROM "users" WHERE "users"."id" = ? LIMIT 1  [["id", 1]]
  Rendered users/show.html.erb within layouts/application (0.6ms)
Completed 200 OK in 35ms (Views: 34.7ms | ActiveRecord: 0.1ms)


Started GET "/users" for ::1 at 2015-05-13 08:35:03 -0400
Processing by UsersController#index as HTML
  [1m[36mUser Load (0.1ms)[0m  [1mSELECT "users".* FROM "users"[0m
  Rendered users/index.html.erb within layouts/application (2.1ms)
Completed 200 OK in 24ms (Views: 23.1ms | ActiveRecord: 0.1ms)


Started GET "/users/new" for ::1 at 2015-05-13 08:36:02 -0400
Processing by UsersController#new as HTML
  Rendered users/_form.html.erb (1.5ms)
  Rendered users/new.html.erb within layouts/application (2.9ms)
Completed 200 OK in 24ms (Views: 23.7ms | ActiveRecord: 0.0ms)


Started POST "/users" for ::1 at 2015-05-13 08:36:23 -0400
Processing by UsersController#create as HTML
  Parameters: {"utf8"=>"✓", "authenticity_token"=>"oBOEp+v6R+aosXVtDvcVhEwNSl5caIod/RMHgtRJONBusuKzFHvQbqbh8osynzNExl8W2lBYa4r4t3umbTwcMA==", "user"=>{"name"=>"Linden", "location"=>"Chapel Hill", "age"=>"10"}, "commit"=>"Create User"}
  [1m[35m (0.1ms)[0m  begin transaction
  [1m[36mSQL (0.2ms)[0m  [1mINSERT INTO "users" ("name", "location", "age", "created_at", "updated_at") VALUES (?, ?, ?, ?, ?)[0m  [["name", "Linden"], ["location", "Chapel Hill"], ["age", 10], ["created_at", "2015-05-13 12:36:23.922870"], ["updated_at", "2015-05-13 12:36:23.922870"]]
  [1m[35m (1.2ms)[0m  commit transaction
Redirected to http://localhost:3000/users/5
Completed 302 Found in 4ms (ActiveRecord: 1.5ms)


Started GET "/users/5" for ::1 at 2015-05-13 08:36:23 -0400
Processing by UsersController#show as HTML
  Parameters: {"id"=>"5"}
  [1m[36mUser Load (0.1ms)[0m  [1mSELECT  "users".* FROM "users" WHERE "users"."id" = ? LIMIT 1[0m  [["id", 5]]
  Rendered users/show.html.erb within layouts/application (0.2ms)
Completed 200 OK in 38ms (Views: 36.4ms | ActiveRecord: 0.1ms)


Started GET "/users" for ::1 at 2015-05-13 08:36:25 -0400
Processing by UsersController#index as HTML
  [1m[35mUser Load (0.1ms)[0m  SELECT "users".* FROM "users"
  Rendered users/index.html.erb within layouts/application (2.4ms)
Completed 200 OK in 30ms (Views: 29.4ms | ActiveRecord: 0.1ms)
  [1m[36mActiveRecord::SchemaMigration Load (0.1ms)[0m  [1mSELECT "schema_migrations".* FROM "schema_migrations"[0m
  [1m[35mActiveRecord::SchemaMigration Load (0.1ms)[0m  SELECT "schema_migrations".* FROM "schema_migrations"
  [1m[36mActiveRecord::SchemaMigration Load (0.1ms)[0m  [1mSELECT "schema_migrations".* FROM "schema_migrations"[0m
  [1m[35mActiveRecord::SchemaMigration Load (0.1ms)[0m  SELECT "schema_migrations".* FROM "schema_migrations"


Started GET "/users" for ::1 at 2015-05-13 08:43:47 -0400
Processing by UsersController#index as HTML
  [1m[36mUser Load (0.2ms)[0m  [1mSELECT "users".* FROM "users"[0m
  Rendered users/index.html.erb within layouts/application (6.4ms)
Completed 200 OK in 28ms (Views: 25.2ms | ActiveRecord: 0.4ms)


Started GET "/assets/scaffolds.self-2e6b1197a0080cf4da5608a19f0c874a715979fc54176cb34afcae9dceb080dd.css?body=1" for ::1 at 2015-05-13 08:43:47 -0400


Started GET "/assets/users.self-e3b0c44298fc1c149afbf4c8996fb92427ae41e4649b934ca495991b7852b855.css?body=1" for ::1 at 2015-05-13 08:43:47 -0400


Started GET "/assets/application.self-e80e8f2318043e8af94dddc2adad5a4f09739a8ebb323b3ab31cd71d45fd9113.css?body=1" for ::1 at 2015-05-13 08:43:47 -0400


Started GET "/assets/users.self-877aef30ae1b040ab8a3aba4e3e309a11d7f2612f44dde450b5c157aa5f95c05.js?body=1" for ::1 at 2015-05-13 08:43:47 -0400


Started GET "/assets/jquery.self-d03a5518f45df77341bdbe6201ba3bfa547ebba8ed64f0ea56bfa5f96ea7c074.js?body=1" for ::1 at 2015-05-13 08:43:47 -0400


Started GET "/assets/jquery_ujs.self-8e98a7a072a6cee1372d19fff9ff3e6aa1e39a37d89d6f06861637d061113ee7.js?body=1" for ::1 at 2015-05-13 08:43:47 -0400


Started GET "/assets/turbolinks.self-c37727e9bd6b2735da5c311aa83fead54ed0be6cc8bd9a65309e9c5abe2cbfff.js?body=1" for ::1 at 2015-05-13 08:43:47 -0400


Started GET "/assets/application.self-3b8dabdc891efe46b9a144b400ad69e37d7e5876bdc39dee783419a69d7ca819.js?body=1" for ::1 at 2015-05-13 08:43:47 -0400


Started GET "/users" for ::1 at 2015-05-13 08:45:34 -0400
Processing by UsersController#index as HTML
  [1m[35mUser Load (0.1ms)[0m  SELECT "users".* FROM "users"
  Rendered users/index.html.erb within layouts/application (1.7ms)
Completed 200 OK in 21ms (Views: 20.8ms | ActiveRecord: 0.1ms)


Started GET "/assets/scaffolds.self-2e6b1197a0080cf4da5608a19f0c874a715979fc54176cb34afcae9dceb080dd.css?body=1" for ::1 at 2015-05-13 08:45:34 -0400


Started GET "/assets/application.self-e80e8f2318043e8af94dddc2adad5a4f09739a8ebb323b3ab31cd71d45fd9113.css?body=1" for ::1 at 2015-05-13 08:45:34 -0400


Started GET "/assets/users.self-877aef30ae1b040ab8a3aba4e3e309a11d7f2612f44dde450b5c157aa5f95c05.js?body=1" for ::1 at 2015-05-13 08:45:34 -0400


Started GET "/assets/users.self-e3b0c44298fc1c149afbf4c8996fb92427ae41e4649b934ca495991b7852b855.css?body=1" for ::1 at 2015-05-13 08:45:34 -0400


Started GET "/assets/jquery.self-d03a5518f45df77341bdbe6201ba3bfa547ebba8ed64f0ea56bfa5f96ea7c074.js?body=1" for ::1 at 2015-05-13 08:45:34 -0400


Started GET "/assets/turbolinks.self-c37727e9bd6b2735da5c311aa83fead54ed0be6cc8bd9a65309e9c5abe2cbfff.js?body=1" for ::1 at 2015-05-13 08:45:34 -0400


Started GET "/assets/jquery_ujs.self-8e98a7a072a6cee1372d19fff9ff3e6aa1e39a37d89d6f06861637d061113ee7.js?body=1" for ::1 at 2015-05-13 08:45:34 -0400


Started GET "/assets/application.self-3b8dabdc891efe46b9a144b400ad69e37d7e5876bdc39dee783419a69d7ca819.js?body=1" for ::1 at 2015-05-13 08:45:34 -0400


Started GET "/users" for ::1 at 2015-05-13 08:46:23 -0400
Processing by UsersController#index as HTML
  [1m[36mUser Load (0.1ms)[0m  [1mSELECT "users".* FROM "users"[0m
  Rendered users/index.html.erb within layouts/application (1.5ms)
Completed 200 OK in 21ms (Views: 20.5ms | ActiveRecord: 0.1ms)


Started GET "/assets/scaffolds.self-2e6b1197a0080cf4da5608a19f0c874a715979fc54176cb34afcae9dceb080dd.css?body=1" for ::1 at 2015-05-13 08:46:23 -0400


Started GET "/assets/jquery.self-d03a5518f45df77341bdbe6201ba3bfa547ebba8ed64f0ea56bfa5f96ea7c074.js?body=1" for ::1 at 2015-05-13 08:46:23 -0400


Started GET "/assets/users.self-e3b0c44298fc1c149afbf4c8996fb92427ae41e4649b934ca495991b7852b855.css?body=1" for ::1 at 2015-05-13 08:46:23 -0400


Started GET "/assets/users.self-877aef30ae1b040ab8a3aba4e3e309a11d7f2612f44dde450b5c157aa5f95c05.js?body=1" for ::1 at 2015-05-13 08:46:23 -0400


Started GET "/assets/jquery_ujs.self-8e98a7a072a6cee1372d19fff9ff3e6aa1e39a37d89d6f06861637d061113ee7.js?body=1" for ::1 at 2015-05-13 08:46:23 -0400


Started GET "/assets/turbolinks.self-c37727e9bd6b2735da5c311aa83fead54ed0be6cc8bd9a65309e9c5abe2cbfff.js?body=1" for ::1 at 2015-05-13 08:46:23 -0400


Started GET "/assets/application.self-e80e8f2318043e8af94dddc2adad5a4f09739a8ebb323b3ab31cd71d45fd9113.css?body=1" for ::1 at 2015-05-13 08:46:23 -0400


Started GET "/assets/application.self-3b8dabdc891efe46b9a144b400ad69e37d7e5876bdc39dee783419a69d7ca819.js?body=1" for ::1 at 2015-05-13 08:46:23 -0400


Started GET "/users/3/edit" for ::1 at 2015-05-13 08:47:32 -0400
Processing by UsersController#edit as HTML
  Parameters: {"id"=>"3"}
  [1m[35mUser Load (0.1ms)[0m  SELECT  "users".* FROM "users" WHERE "users"."id" = ? LIMIT 1  [["id", 3]]
  Rendered users/_form.html.erb (1.4ms)
  Rendered users/edit.html.erb within layouts/application (2.5ms)
Completed 200 OK in 23ms (Views: 21.9ms | ActiveRecord: 0.1ms)


Started PATCH "/users/3" for ::1 at 2015-05-13 08:47:47 -0400
Processing by UsersController#update as HTML
  Parameters: {"utf8"=>"✓", "authenticity_token"=>"7gmW7FFgai+iUsrhJNPjScdWqLMbiROBA4DqACvRps0gqPD4ruH9p6wCTQcYu8WJTQT0Nxe58hYGJJYkkqSCLQ==", "user"=>{"name"=>"Chris", "location"=>"Salisbury", "age"=>"40"}, "commit"=>"Update User", "id"=>"3"}
  [1m[36mUser Load (0.1ms)[0m  [1mSELECT  "users".* FROM "users" WHERE "users"."id" = ? LIMIT 1[0m  [["id", 3]]
  [1m[35m (0.0ms)[0m  begin transaction
  [1m[36mSQL (0.2ms)[0m  [1mUPDATE "users" SET "name" = ?, "location" = ?, "updated_at" = ? WHERE "users"."id" = ?[0m  [["name", "Chris"], ["location", "Salisbury"], ["updated_at", "2015-05-13 12:47:47.535622"], ["id", 3]]
  [1m[35m (2.7ms)[0m  commit transaction
Redirected to http://localhost:3000/users/3
Completed 302 Found in 6ms (ActiveRecord: 3.0ms)


Started GET "/users/3" for ::1 at 2015-05-13 08:47:47 -0400
Processing by UsersController#show as HTML
  Parameters: {"id"=>"3"}
  [1m[36mUser Load (0.1ms)[0m  [1mSELECT  "users".* FROM "users" WHERE "users"."id" = ? LIMIT 1[0m  [["id", 3]]
  Rendered users/show.html.erb within layouts/application (0.2ms)
Completed 200 OK in 20ms (Views: 19.3ms | ActiveRecord: 0.1ms)


Started GET "/users" for ::1 at 2015-05-13 08:47:49 -0400
Processing by UsersController#index as HTML
  [1m[35mUser Load (0.2ms)[0m  SELECT "users".* FROM "users"
  Rendered users/index.html.erb within layouts/application (1.7ms)
Completed 200 OK in 22ms (Views: 21.7ms | ActiveRecord: 0.2ms)


Started GET "/users/4/edit" for ::1 at 2015-05-13 08:47:54 -0400
Processing by UsersController#edit as HTML
  Parameters: {"id"=>"4"}
  [1m[36mUser Load (0.1ms)[0m  [1mSELECT  "users".* FROM "users" WHERE "users"."id" = ? LIMIT 1[0m  [["id", 4]]
  Rendered users/_form.html.erb (1.4ms)
  Rendered users/edit.html.erb within layouts/application (2.6ms)
Completed 200 OK in 23ms (Views: 22.2ms | ActiveRecord: 0.1ms)


Started PATCH "/users/4" for ::1 at 2015-05-13 08:48:15 -0400
Processing by UsersController#update as HTML
  Parameters: {"utf8"=>"✓", "authenticity_token"=>"EFcY/5PrIma8HHnjdYfogJwUWMBgoKl7ZqmjfdV3G5/e9n7rbGq17rJM/gVJ785AFkYERGyQSOxjDd9ZbAI/fw==", "user"=>{"name"=>"Diana", "location"=>"Raleigh", "age"=>"32"}, "commit"=>"Update User", "id"=>"4"}
  [1m[35mUser Load (0.1ms)[0m  SELECT  "users".* FROM "users" WHERE "users"."id" = ? LIMIT 1  [["id", 4]]
  [1m[36m (0.0ms)[0m  [1mbegin transaction[0m
  [1m[35mSQL (0.2ms)[0m  UPDATE "users" SET "name" = ?, "location" = ?, "age" = ?, "updated_at" = ? WHERE "users"."id" = ?  [["name", "Diana"], ["location", "Raleigh"], ["age", 32], ["updated_at", "2015-05-13 12:48:15.498727"], ["id", 4]]
  [1m[36m (1.3ms)[0m  [1mcommit transaction[0m
Redirected to http://localhost:3000/users/4
Completed 302 Found in 4ms (ActiveRecord: 1.6ms)


Started GET "/users/4" for ::1 at 2015-05-13 08:48:15 -0400
Processing by UsersController#show as HTML
  Parameters: {"id"=>"4"}
  [1m[35mUser Load (0.1ms)[0m  SELECT  "users".* FROM "users" WHERE "users"."id" = ? LIMIT 1  [["id", 4]]
  Rendered users/show.html.erb within layouts/application (0.2ms)
Completed 200 OK in 25ms (Views: 24.3ms | ActiveRecord: 0.1ms)


Started GET "/users" for ::1 at 2015-05-13 08:48:16 -0400
Processing by UsersController#index as HTML
  [1m[36mUser Load (0.1ms)[0m  [1mSELECT "users".* FROM "users"[0m
  Rendered users/index.html.erb within layouts/application (1.6ms)
Completed 200 OK in 24ms (Views: 23.2ms | ActiveRecord: 0.1ms)


Started GET "/users" for ::1 at 2015-05-13 08:51:04 -0400
Processing by UsersController#index as HTML
  [1m[35mUser Load (0.1ms)[0m  SELECT "users".* FROM "users"
  Rendered users/index.html.erb within layouts/application (1.5ms)
Completed 200 OK in 21ms (Views: 20.8ms | ActiveRecord: 0.1ms)


Started GET "/assets/scaffolds.self-2e6b1197a0080cf4da5608a19f0c874a715979fc54176cb34afcae9dceb080dd.css?body=1" for ::1 at 2015-05-13 08:51:04 -0400


Started GET "/assets/jquery.self-d03a5518f45df77341bdbe6201ba3bfa547ebba8ed64f0ea56bfa5f96ea7c074.js?body=1" for ::1 at 2015-05-13 08:51:04 -0400


Started GET "/assets/application.self-e80e8f2318043e8af94dddc2adad5a4f09739a8ebb323b3ab31cd71d45fd9113.css?body=1" for ::1 at 2015-05-13 08:51:04 -0400


Started GET "/assets/users.self-877aef30ae1b040ab8a3aba4e3e309a11d7f2612f44dde450b5c157aa5f95c05.js?body=1" for ::1 at 2015-05-13 08:51:04 -0400


Started GET "/assets/users.self-e3b0c44298fc1c149afbf4c8996fb92427ae41e4649b934ca495991b7852b855.css?body=1" for ::1 at 2015-05-13 08:51:04 -0400


Started GET "/assets/jquery_ujs.self-8e98a7a072a6cee1372d19fff9ff3e6aa1e39a37d89d6f06861637d061113ee7.js?body=1" for ::1 at 2015-05-13 08:51:04 -0400


Started GET "/assets/turbolinks.self-c37727e9bd6b2735da5c311aa83fead54ed0be6cc8bd9a65309e9c5abe2cbfff.js?body=1" for ::1 at 2015-05-13 08:51:04 -0400


Started GET "/assets/application.self-3b8dabdc891efe46b9a144b400ad69e37d7e5876bdc39dee783419a69d7ca819.js?body=1" for ::1 at 2015-05-13 08:51:04 -0400


Started GET "/users" for ::1 at 2015-05-13 08:53:00 -0400
Processing by UsersController#index as HTML
  [1m[36mUser Load (0.1ms)[0m  [1mSELECT "users".* FROM "users"[0m
  Rendered users/index.html.erb within layouts/application (1.6ms)
Completed 200 OK in 22ms (Views: 21.3ms | ActiveRecord: 0.1ms)


Started GET "/assets/scaffolds.self-2e6b1197a0080cf4da5608a19f0c874a715979fc54176cb34afcae9dceb080dd.css?body=1" for ::1 at 2015-05-13 08:53:00 -0400


Started GET "/assets/users.self-e3b0c44298fc1c149afbf4c8996fb92427ae41e4649b934ca495991b7852b855.css?body=1" for ::1 at 2015-05-13 08:53:00 -0400


Started GET "/assets/application.self-e80e8f2318043e8af94dddc2adad5a4f09739a8ebb323b3ab31cd71d45fd9113.css?body=1" for ::1 at 2015-05-13 08:53:00 -0400


Started GET "/assets/users.self-877aef30ae1b040ab8a3aba4e3e309a11d7f2612f44dde450b5c157aa5f95c05.js?body=1" for ::1 at 2015-05-13 08:53:00 -0400


Started GET "/assets/jquery_ujs.self-8e98a7a072a6cee1372d19fff9ff3e6aa1e39a37d89d6f06861637d061113ee7.js?body=1" for ::1 at 2015-05-13 08:53:00 -0400


Started GET "/assets/turbolinks.self-c37727e9bd6b2735da5c311aa83fead54ed0be6cc8bd9a65309e9c5abe2cbfff.js?body=1" for ::1 at 2015-05-13 08:53:00 -0400


Started GET "/assets/jquery.self-d03a5518f45df77341bdbe6201ba3bfa547ebba8ed64f0ea56bfa5f96ea7c074.js?body=1" for ::1 at 2015-05-13 08:53:00 -0400


Started GET "/assets/application.self-3b8dabdc891efe46b9a144b400ad69e37d7e5876bdc39dee783419a69d7ca819.js?body=1" for ::1 at 2015-05-13 08:53:00 -0400


Started GET "/" for ::1 at 2015-05-13 08:53:07 -0400
Processing by Rails::WelcomeController#index as HTML
  Rendered /Users/Kelly/.rvm/gems/ruby-2.2.1/gems/railties-4.2.1/lib/rails/templates/rails/welcome/index.html.erb (0.5ms)
Completed 200 OK in 2ms (Views: 1.9ms | ActiveRecord: 0.0ms)


Started GET "/" for ::1 at 2015-05-13 08:53:07 -0400
Processing by Rails::WelcomeController#index as HTML
  Rendered /Users/Kelly/.rvm/gems/ruby-2.2.1/gems/railties-4.2.1/lib/rails/templates/rails/welcome/index.html.erb (0.0ms)
Completed 200 OK in 2ms (Views: 1.5ms | ActiveRecord: 0.0ms)


Started GET "/" for ::1 at 2015-05-13 08:53:12 -0400
Processing by Rails::WelcomeController#index as HTML
  Rendered /Users/Kelly/.rvm/gems/ruby-2.2.1/gems/railties-4.2.1/lib/rails/templates/rails/welcome/index.html.erb (0.0ms)
Completed 200 OK in 2ms (Views: 1.3ms | ActiveRecord: 0.0ms)


Started GET "/users" for ::1 at 2015-05-13 08:53:13 -0400
Processing by UsersController#index as HTML
  [1m[35mUser Load (0.1ms)[0m  SELECT "users".* FROM "users"
  Rendered users/index.html.erb within layouts/application (1.6ms)
Completed 200 OK in 21ms (Views: 20.1ms | ActiveRecord: 0.1ms)


Started GET "/assets/users.self-e3b0c44298fc1c149afbf4c8996fb92427ae41e4649b934ca495991b7852b855.css?body=1" for ::1 at 2015-05-13 08:53:13 -0400
  [1m[36mUser Load (1.0ms)[0m  [1mSELECT "users".* FROM "users"[0m
  [1m[35mUser Load (0.9ms)[0m  SELECT  "users".* FROM "users"  ORDER BY "users"."id" ASC LIMIT 1
  [1m[36mUser Load (0.3ms)[0m  [1mSELECT  "users".* FROM "users" WHERE "users"."id" = ? LIMIT 1[0m  [["id", 3]]
  [1m[35mUser Load (0.2ms)[0m  SELECT  "users".* FROM "users" WHERE "users"."id" = ? LIMIT 1  [["id", 3]]
  [1m[36m (0.2ms)[0m  [1mbegin transaction[0m
  [1m[35m (0.1ms)[0m  commit transaction
  [1m[36mUser Load (0.2ms)[0m  [1mSELECT  "users".* FROM "users" WHERE "users"."id" = ? LIMIT 1[0m  [["id", 3]]
  [1m[35m (0.1ms)[0m  begin transaction
  [1m[36mSQL (1.2ms)[0m  [1mINSERT INTO "users" ("name", "location", "age", "created_at", "updated_at") VALUES (?, ?, ?, ?, ?)[0m  [["name", "Clyde"], ["location", "Santiago"], ["age", 37], ["created_at", "2015-05-13 13:14:29.476769"], ["updated_at", "2015-05-13 13:14:29.476769"]]
  [1m[35m (1.1ms)[0m  commit transaction
  [1m[36mUser Load (0.3ms)[0m  [1mSELECT "users".* FROM "users" WHERE "users"."name" = ?[0m  [["name", "Clyde"]]
  [1m[35mUser Load (0.2ms)[0m  SELECT  "users".* FROM "users" WHERE "users"."id" = ? LIMIT 1  [["id", 7]]
  [1m[36m (0.1ms)[0m  [1mbegin transaction[0m
  [1m[35mSQL (0.3ms)[0m  DELETE FROM "users" WHERE "users"."id" = ?  [["id", 7]]
  [1m[36m (1.2ms)[0m  [1mcommit transaction[0m
  [1m[35mUser Load (0.4ms)[0m  SELECT "users".* FROM "users" WHERE "users"."id" = ?  [["id", 3]]
  [1m[36mSQL (2.3ms)[0m  [1mDELETE FROM "users" WHERE "users"."id" = ?[0m  [["id", 3]]
